4B62 .START (2017-07-18 03:37:58) phpCAS-1.3.5 ****************** [CAS.php:468]
4B62 .=> phpCAS::client('3.0', 'cas.bhxh.vn', 443, 'cas') [CasController.php:27]
4B62 .|    => CAS_Client::__construct('3.0', false, 'cas.bhxh.vn', 443, 'cas', true) [CAS.php:360]
4B62 .|    |    Starting a new session lt062g290uf1a2aqnei1621bk1 [Client.php:932]
4B62 .|    |    Session is not authenticated [Client.php:938]
4B62 .|    <= ''
4B62 .<= ''
4B62 .=> phpCAS::setNoCasServerValidation() [CasController.php:28]
4B62 .|    You have configured no validation of the legitimacy of the cas server. This is not recommended for production use. [CAS.php:1644]
4B62 .<= ''
4B62 .=> CAS_Client::handleLogoutRequests(true, false) [CAS.php:1276]
4B62 .|    Not a logout request [Client.php:1739]
4B62 .<= ''
4B62 .=> phpCAS::forceAuthentication() [CasController.php:30]
4B62 .|    => CAS_Client::forceAuthentication() [CAS.php:1098]
4B62 .|    |    => CAS_Client::isAuthenticated() [Client.php:1280]
4B62 .|    |    |    => CAS_Client::_wasPreviouslyAuthenticated() [Client.php:1393]
4B62 .|    |    |    |    no user found [Client.php:1635]
4B62 .|    |    |    <= false
4B62 .|    |    |    no ticket found [Client.php:1494]
4B62 .|    |    <= false
4B62 .|    |    => CAS_Client::redirectToCas(false) [Client.php:1289]
4B62 .|    |    |    => CAS_Client::getServerLoginURL(false, false) [Client.php:1656]
4B62 .|    |    |    |    => CAS_Client::getURL() [Client.php:342]
4B62 .|    |    |    |    |    Final URI: http://qldt.dev/cas [Client.php:3548]
4B62 .|    |    |    |    <= 'http://qldt.dev/cas'
4B62 .|    |    |    <= 'https://cas.bhxh.vn/cas/login?service=http%3A%2F%2Fqldt.dev%2Fcas'
4B62 .|    |    |    Redirect to : https://cas.bhxh.vn/cas/login?service=http%3A%2F%2Fqldt.dev%2Fcas [Client.php:1663]
4B62 .|    |    |    exit()
4B62 .|    |    |    -
4B62 .|    |    -
4B62 .|    -
1BC3 .START (2017-07-27 01:17:33) phpCAS-1.3.5 ****************** [CAS.php:468]
1BC3 .=> phpCAS::client('3.0', 'cas.bhxh.vn', 443, 'cas') [CasController.php:27]
1BC3 .|    => CAS_Client::__construct('3.0', false, 'cas.bhxh.vn', 443, 'cas', true) [CAS.php:360]
1BC3 .|    |    Starting a new session lt062g290uf1a2aqnei1621bk1 [Client.php:932]
1BC3 .|    |    Session is not authenticated [Client.php:938]
1BC3 .|    <= ''
1BC3 .<= ''
1BC3 .=> phpCAS::setNoCasServerValidation() [CasController.php:28]
1BC3 .|    You have configured no validation of the legitimacy of the cas server. This is not recommended for production use. [CAS.php:1644]
1BC3 .<= ''
1BC3 .=> CAS_Client::handleLogoutRequests(true, false) [CAS.php:1276]
1BC3 .|    Not a logout request [Client.php:1739]
1BC3 .<= ''
1BC3 .=> phpCAS::forceAuthentication() [CasController.php:30]
1BC3 .|    => CAS_Client::forceAuthentication() [CAS.php:1098]
1BC3 .|    |    => CAS_Client::isAuthenticated() [Client.php:1280]
1BC3 .|    |    |    => CAS_Client::_wasPreviouslyAuthenticated() [Client.php:1393]
1BC3 .|    |    |    |    no user found [Client.php:1635]
1BC3 .|    |    |    <= false
1BC3 .|    |    |    no ticket found [Client.php:1494]
1BC3 .|    |    <= false
1BC3 .|    |    => CAS_Client::redirectToCas(false) [Client.php:1289]
1BC3 .|    |    |    => CAS_Client::getServerLoginURL(false, false) [Client.php:1656]
1BC3 .|    |    |    |    => CAS_Client::getURL() [Client.php:342]
1BC3 .|    |    |    |    |    Final URI: http://qldt.dev/cas [Client.php:3548]
1BC3 .|    |    |    |    <= 'http://qldt.dev/cas'
1BC3 .|    |    |    <= 'https://cas.bhxh.vn/cas/login?service=http%3A%2F%2Fqldt.dev%2Fcas'
1BC3 .|    |    |    Redirect to : https://cas.bhxh.vn/cas/login?service=http%3A%2F%2Fqldt.dev%2Fcas [Client.php:1663]
1BC3 .|    |    |    exit()
1BC3 .|    |    |    -
1BC3 .|    |    -
1BC3 .|    -
